2024-10-24 13:31:03,171 - INFO - Starting the Bookstore Application
2024-10-24 13:31:32,571 - INFO - package: mysql.connector.plugins
2024-10-24 13:31:32,571 - INFO - plugin_name: mysql_native_password
2024-10-24 13:31:32,572 - INFO - AUTHENTICATION_PLUGIN_CLASS: MySQLNativePasswordAuthPlugin
2024-10-24 13:31:32,707 - INFO - Connected to the database successfully.
2024-10-24 13:31:49,971 - INFO - Connected to the database successfully.
2024-10-24 13:32:07,069 - INFO - Connected to the database successfully.
2024-10-24 13:32:52,881 - INFO - Connected to the database successfully.
2024-10-24 13:33:35,533 - INFO - Connected to the database successfully.
2024-10-24 13:33:35,775 - INFO - Order placed by user_id 2 for book_id 50 (quantity: 2).
2024-10-24 13:33:45,785 - INFO - Connected to the database successfully.
2024-10-24 13:34:50,361 - INFO - Connected to the database successfully.
2024-10-24 13:35:07,157 - INFO - Connected to the database successfully.
2024-10-24 13:35:12,547 - INFO - Connected to the database successfully.
2024-10-24 13:36:13,612 - INFO - Connected to the database successfully.
2024-10-24 13:36:13,784 - INFO - Book 'Trees' added to inventory.
2024-10-24 13:36:18,187 - INFO - Connected to the database successfully.
2024-10-24 13:36:57,643 - INFO - Connected to the database successfully.
2024-10-24 13:37:10,686 - INFO - Connected to the database successfully.
2024-10-24 13:37:30,796 - INFO - Connected to the database successfully.
2024-10-24 13:38:31,178 - INFO - Connected to the database successfully.
2024-10-24 13:38:36,875 - INFO - Connected to the database successfully.
2024-10-24 13:38:52,056 - INFO - Connected to the database successfully.
2024-10-24 13:39:21,493 - INFO - Connected to the database successfully.
2024-10-24 13:39:21,973 - INFO - Connected to the database successfully.
2024-10-24 13:39:45,508 - INFO - Connected to the database successfully.
2024-10-24 13:39:45,995 - INFO - Connected to the database successfully.
2024-10-24 13:39:51,531 - INFO - Connected to the database successfully.
2024-10-24 13:39:57,876 - INFO - Connected to the database successfully.
2024-10-24 13:40:12,601 - INFO - Connected to the database successfully.
2024-10-24 13:40:13,078 - INFO - Connected to the database successfully.
2024-10-24 13:40:30,224 - INFO - Connected to the database successfully.
2024-10-24 13:41:20,224 - INFO - Connected to the database successfully.
2024-10-24 13:42:39,572 - INFO - Connected to the database successfully.
2024-10-24 13:43:19,945 - INFO - Connected to the database successfully.
2024-10-24 13:43:31,328 - INFO - Connected to the database successfully.
2024-10-24 13:44:34,066 - INFO - Connected to the database successfully.
2024-10-24 13:47:41,628 - INFO - Bookstore Application has ended
2024-10-24 13:47:49,635 - INFO - Starting the Bookstore Application
2024-10-24 13:48:19,438 - INFO - package: mysql.connector.plugins
2024-10-24 13:48:19,439 - INFO - plugin_name: mysql_native_password
2024-10-24 13:48:19,439 - INFO - AUTHENTICATION_PLUGIN_CLASS: MySQLNativePasswordAuthPlugin
2024-10-24 13:48:19,574 - INFO - Connected to the database successfully.
2024-10-24 13:48:23,998 - INFO - Connected to the database successfully.
2024-10-24 13:50:43,444 - INFO - Starting the Bookstore Application
2024-10-24 13:50:49,993 - INFO - package: mysql.connector.plugins
2024-10-24 13:50:49,993 - INFO - plugin_name: mysql_native_password
2024-10-24 13:50:49,994 - INFO - AUTHENTICATION_PLUGIN_CLASS: MySQLNativePasswordAuthPlugin
2024-10-24 13:50:50,129 - INFO - Connected to the database successfully.
2024-10-24 13:50:51,573 - INFO - Connected to the database successfully.
2024-10-24 13:53:46,947 - INFO - Bookstore Application has ended
2024-10-24 15:49:27,294 - INFO - Starting the Bookstore Application
2024-10-24 15:49:53,017 - INFO - package: mysql.connector.plugins
2024-10-24 15:49:53,017 - INFO - plugin_name: mysql_native_password
2024-10-24 15:49:53,018 - INFO - AUTHENTICATION_PLUGIN_CLASS: MySQLNativePasswordAuthPlugin
2024-10-24 15:49:53,155 - INFO - Connected to the database successfully.
2024-10-24 15:50:06,244 - INFO - Connected to the database successfully.
2024-10-24 15:50:18,579 - INFO - Connected to the database successfully.
2024-10-24 15:50:44,286 - INFO - Connected to the database successfully.
2024-10-24 15:51:15,156 - INFO - Connected to the database successfully.
2024-10-24 15:51:15,403 - INFO - Order placed by user_id 4 for book_id 51 (quantity: 2).
2024-10-24 15:51:20,670 - INFO - Connected to the database successfully.
2024-10-24 15:51:33,627 - INFO - Connected to the database successfully.
2024-10-24 15:52:07,115 - INFO - Connected to the database successfully.
2024-10-24 15:52:22,990 - INFO - Connected to the database successfully.
2024-10-24 15:53:13,048 - INFO - Connected to the database successfully.
2024-10-24 15:53:13,222 - INFO - Book 'example book' added to inventory.
2024-10-24 15:53:23,233 - INFO - Connected to the database successfully.
2024-10-24 15:53:59,332 - INFO - Connected to the database successfully.
2024-10-24 15:54:49,848 - INFO - Connected to the database successfully.
2024-10-24 15:54:58,798 - INFO - Connected to the database successfully.
2024-10-24 15:55:23,283 - INFO - Connected to the database successfully.
2024-10-24 15:56:08,859 - INFO - Connected to the database successfully.
2024-10-24 15:56:09,342 - INFO - Connected to the database successfully.
2024-10-24 15:56:20,958 - INFO - Connected to the database successfully.
2024-10-24 15:56:46,386 - INFO - Connected to the database successfully.
2024-10-24 15:56:46,863 - INFO - Connected to the database successfully.
2024-10-24 15:56:53,286 - INFO - Connected to the database successfully.
2024-10-24 15:57:13,740 - INFO - Connected to the database successfully.
2024-10-24 15:58:21,070 - INFO - Bookstore Application has ended
2024-10-24 16:08:26,617 - INFO - Starting the Bookstore Application
2024-10-24 16:09:09,337 - INFO - package: mysql.connector.plugins
2024-10-24 16:09:09,337 - INFO - plugin_name: mysql_native_password
2024-10-24 16:09:09,338 - INFO - AUTHENTICATION_PLUGIN_CLASS: MySQLNativePasswordAuthPlugin
2024-10-24 16:09:09,472 - INFO - Connected to the database successfully.
2024-10-24 16:09:30,282 - INFO - Connected to the database successfully.
2024-10-24 16:09:34,548 - INFO - Connected to the database successfully.
2024-10-24 16:09:54,541 - INFO - Connected to the database successfully.
2024-10-24 16:09:54,784 - INFO - Order placed by user_id 3 for book_id 50 (quantity: 4).
2024-10-24 16:10:00,574 - INFO - Connected to the database successfully.
2024-10-24 16:10:44,769 - INFO - Connected to the database successfully.
2024-10-24 16:10:45,010 - INFO - Order placed by user_id 3 for book_id 1 (quantity: 1).
2024-10-24 16:11:55,070 - INFO - Connected to the database successfully.
2024-10-24 16:11:55,314 - INFO - Order placed by user_id 3 for book_id 16 (quantity: 2).
2024-10-24 16:11:57,632 - INFO - Connected to the database successfully.
2024-10-24 16:12:06,931 - INFO - Bookstore Application has ended
